<?xml version="1.0" encoding="UTF-8"?>
<testsuite name="com.example.project.StudentTest" tests="7" skipped="0" failures="0" errors="0" timestamp="2024-10-01T12:37:11" hostname="codespaces-87d475" time="0.093">
  <properties/>
  <testcase name="testIsPassing()" classname="com.example.project.StudentTest" time="0.057"/>
  <testcase name="testGetLastName()" classname="com.example.project.StudentTest" time="0.005"/>
  <testcase name="testGetFirstName()" classname="com.example.project.StudentTest" time="0.006"/>
  <testcase name="testSAddTestScore()" classname="com.example.project.StudentTest" time="0.001"/>
  <testcase name="testGetHighestTestScore()" classname="com.example.project.StudentTest" time="0.001"/>
  <testcase name="testSetGradYear()" classname="com.example.project.StudentTest" time="0.001"/>
  <testcase name="testAverageTestScore()" classname="com.example.project.StudentTest" time="0.001"/>
  <system-out><![CDATA[]]></system-out>
  <system-err><![CDATA[]]></system-err>
</testsuite>
